  Menu.cpp
C:\Users\AOJUCBJD\source\repos\Baram_Project_2022_second_half_GA\Baram_Project_2022_second_half_GA\Common_Define.h(2,1): warning C4005: 'NDEBUG': 매크로 재정의
C:\Users\AOJUCBJD\source\repos\Baram_Project_2022_second_half_GA\Baram_Project_2022_second_half_GA\Common_Define.h(2,1): message : 이전에 명령줄에서 선언된 'NDEBUG'
C:\Users\AOJUCBJD\source\eigen\Eigen\src\Core\arch\Default\Half.h(1,1): warning C4819: 현재 코드 페이지(949)에서 표시할 수 없는 문자가 파일에 들어 있습니다. 데이터가 손실되지 않게 하려면 해당 파일을 유니코드 형식으로 저장하십시오.
C:\Users\AOJUCBJD\source\eigen\Eigen\src\Core\arch\Default\BFloat16.h(1,1): warning C4819: 현재 코드 페이지(949)에서 표시할 수 없는 문자가 파일에 들어 있습니다. 데이터가 손실되지 않게 하려면 해당 파일을 유니코드 형식으로 저장하십시오.
C:\Users\AOJUCBJD\source\eigen\Eigen\src\Core\arch\Default\GenericPacketMathFunctions.h(676,1): warning C4819: 현재 코드 페이지(949)에서 표시할 수 없는 문자가 파일에 들어 있습니다. 데이터가 손실되지 않게 하려면 해당 파일을 유니코드 형식으로 저장하십시오.
C:\Users\AOJUCBJD\source\eigen\Eigen\src\Core\products\GeneralBlockPanelKernel.h(2063,1): warning C4819: 현재 코드 페이지(949)에서 표시할 수 없는 문자가 파일에 들어 있습니다. 데이터가 손실되지 않게 하려면 해당 파일을 유니코드 형식으로 저장하십시오.
  PingPong.cpp
C:\Users\AOJUCBJD\source\repos\Baram_Project_2022_second_half_GA\Baram_Project_2022_second_half_GA\Common_Define.h(2,1): warning C4005: 'NDEBUG': 매크로 재정의
C:\Users\AOJUCBJD\source\repos\Baram_Project_2022_second_half_GA\Baram_Project_2022_second_half_GA\Common_Define.h(2,1): message : 이전에 명령줄에서 선언된 'NDEBUG'
C:\Users\AOJUCBJD\source\eigen\Eigen\src\Core\arch\Default\Half.h(1,1): warning C4819: 현재 코드 페이지(949)에서 표시할 수 없는 문자가 파일에 들어 있습니다. 데이터가 손실되지 않게 하려면 해당 파일을 유니코드 형식으로 저장하십시오.
C:\Users\AOJUCBJD\source\eigen\Eigen\src\Core\arch\Default\BFloat16.h(1,1): warning C4819: 현재 코드 페이지(949)에서 표시할 수 없는 문자가 파일에 들어 있습니다. 데이터가 손실되지 않게 하려면 해당 파일을 유니코드 형식으로 저장하십시오.
C:\Users\AOJUCBJD\source\eigen\Eigen\src\Core\arch\Default\GenericPacketMathFunctions.h(676,1): warning C4819: 현재 코드 페이지(949)에서 표시할 수 없는 문자가 파일에 들어 있습니다. 데이터가 손실되지 않게 하려면 해당 파일을 유니코드 형식으로 저장하십시오.
C:\Users\AOJUCBJD\source\eigen\Eigen\src\Core\products\GeneralBlockPanelKernel.h(2063,1): warning C4819: 현재 코드 페이지(949)에서 표시할 수 없는 문자가 파일에 들어 있습니다. 데이터가 손실되지 않게 하려면 해당 파일을 유니코드 형식으로 저장하십시오.
  코드를 생성하고 있습니다.
  Previous IPDB and IOBJ mismatch, fall back to full compilation.
C:\Users\AOJUCBJD\source\repos\Baram_Project_2022_second_half_GA\Baram_Project_2022_second_half_GA\FileManage.cpp(192): warning C4715: 'FileManage::ReadCurrentGeneration': 모든 제어 경로에서 값을 반환하지는 않습니다.
  All 1880 functions were compiled because no usable IPDB/IOBJ from previous compilation was found.
  코드를 생성했습니다.
  Baram_Project_2022_second_half_GA.vcxproj -> C:\Users\AOJUCBJD\source\repos\Baram_Project_2022_second_half_GA\Release\Baram_Project_2022_second_half_GA.exe
