  Ball.cpp
C:\Users\AOJUCBJD\source\repos\Baram_Project_2022_second_half_GA\Baram_Project_2022_second_half_GA\Common_Define.h(2,1): warning C4005: 'NDEBUG': 매크로 재정의
C:\Users\AOJUCBJD\source\repos\Baram_Project_2022_second_half_GA\Baram_Project_2022_second_half_GA\Common_Define.h(2,1): message : 이전에 명령줄에서 선언된 'NDEBUG'
C:\Users\AOJUCBJD\source\eigen\Eigen\src\Core\arch\Default\Half.h(1,1): warning C4819: 현재 코드 페이지(949)에서 표시할 수 없는 문자가 파일에 들어 있습니다. 데이터가 손실되지 않게 하려면 해당 파일을 유니코드 형식으로 저장하십시오.
C:\Users\AOJUCBJD\source\eigen\Eigen\src\Core\arch\Default\BFloat16.h(1,1): warning C4819: 현재 코드 페이지(949)에서 표시할 수 없는 문자가 파일에 들어 있습니다. 데이터가 손실되지 않게 하려면 해당 파일을 유니코드 형식으로 저장하십시오.
C:\Users\AOJUCBJD\source\eigen\Eigen\src\Core\arch\Default\GenericPacketMathFunctions.h(676,1): warning C4819: 현재 코드 페이지(949)에서 표시할 수 없는 문자가 파일에 들어 있습니다. 데이터가 손실되지 않게 하려면 해당 파일을 유니코드 형식으로 저장하십시오.
C:\Users\AOJUCBJD\source\eigen\Eigen\src\Core\products\GeneralBlockPanelKernel.h(2063,1): warning C4819: 현재 코드 페이지(949)에서 표시할 수 없는 문자가 파일에 들어 있습니다. 데이터가 손실되지 않게 하려면 해당 파일을 유니코드 형식으로 저장하십시오.
  Blade.cpp
C:\Users\AOJUCBJD\source\repos\Baram_Project_2022_second_half_GA\Baram_Project_2022_second_half_GA\Common_Define.h(2,1): warning C4005: 'NDEBUG': 매크로 재정의
C:\Users\AOJUCBJD\source\repos\Baram_Project_2022_second_half_GA\Baram_Project_2022_second_half_GA\Common_Define.h(2,1): message : 이전에 명령줄에서 선언된 'NDEBUG'
C:\Users\AOJUCBJD\source\eigen\Eigen\src\Core\arch\Default\Half.h(1,1): warning C4819: 현재 코드 페이지(949)에서 표시할 수 없는 문자가 파일에 들어 있습니다. 데이터가 손실되지 않게 하려면 해당 파일을 유니코드 형식으로 저장하십시오.
C:\Users\AOJUCBJD\source\eigen\Eigen\src\Core\arch\Default\BFloat16.h(1,1): warning C4819: 현재 코드 페이지(949)에서 표시할 수 없는 문자가 파일에 들어 있습니다. 데이터가 손실되지 않게 하려면 해당 파일을 유니코드 형식으로 저장하십시오.
C:\Users\AOJUCBJD\source\eigen\Eigen\src\Core\arch\Default\GenericPacketMathFunctions.h(676,1): warning C4819: 현재 코드 페이지(949)에서 표시할 수 없는 문자가 파일에 들어 있습니다. 데이터가 손실되지 않게 하려면 해당 파일을 유니코드 형식으로 저장하십시오.
C:\Users\AOJUCBJD\source\eigen\Eigen\src\Core\products\GeneralBlockPanelKernel.h(2063,1): warning C4819: 현재 코드 페이지(949)에서 표시할 수 없는 문자가 파일에 들어 있습니다. 데이터가 손실되지 않게 하려면 해당 파일을 유니코드 형식으로 저장하십시오.
  DrawScreen.cpp
C:\Users\AOJUCBJD\source\repos\Baram_Project_2022_second_half_GA\Baram_Project_2022_second_half_GA\Common_Define.h(2,1): warning C4005: 'NDEBUG': 매크로 재정의
C:\Users\AOJUCBJD\source\repos\Baram_Project_2022_second_half_GA\Baram_Project_2022_second_half_GA\Common_Define.h(2,1): message : 이전에 명령줄에서 선언된 'NDEBUG'
C:\Users\AOJUCBJD\source\eigen\Eigen\src\Core\arch\Default\Half.h(1,1): warning C4819: 현재 코드 페이지(949)에서 표시할 수 없는 문자가 파일에 들어 있습니다. 데이터가 손실되지 않게 하려면 해당 파일을 유니코드 형식으로 저장하십시오.
C:\Users\AOJUCBJD\source\eigen\Eigen\src\Core\arch\Default\BFloat16.h(1,1): warning C4819: 현재 코드 페이지(949)에서 표시할 수 없는 문자가 파일에 들어 있습니다. 데이터가 손실되지 않게 하려면 해당 파일을 유니코드 형식으로 저장하십시오.
C:\Users\AOJUCBJD\source\eigen\Eigen\src\Core\arch\Default\GenericPacketMathFunctions.h(676,1): warning C4819: 현재 코드 페이지(949)에서 표시할 수 없는 문자가 파일에 들어 있습니다. 데이터가 손실되지 않게 하려면 해당 파일을 유니코드 형식으로 저장하십시오.
C:\Users\AOJUCBJD\source\eigen\Eigen\src\Core\products\GeneralBlockPanelKernel.h(2063,1): warning C4819: 현재 코드 페이지(949)에서 표시할 수 없는 문자가 파일에 들어 있습니다. 데이터가 손실되지 않게 하려면 해당 파일을 유니코드 형식으로 저장하십시오.
C:\Users\AOJUCBJD\source\repos\Baram_Project_2022_second_half_GA\Baram_Project_2022_second_half_GA\DrawScreen.cpp(100,18): warning C4838: 'int'에서 'SHORT'(으)로의 변환에는 축소 변환이 필요합니다.
C:\Users\AOJUCBJD\source\repos\Baram_Project_2022_second_half_GA\Baram_Project_2022_second_half_GA\DrawScreen.cpp(100,23): warning C4838: 'int'에서 'SHORT'(으)로의 변환에는 축소 변환이 필요합니다.
C:\Users\AOJUCBJD\source\repos\Baram_Project_2022_second_half_GA\Baram_Project_2022_second_half_GA\DrawScreen.cpp(107,17): warning C4838: 'int'에서 'SHORT'(으)로의 변환에는 축소 변환이 필요합니다.
C:\Users\AOJUCBJD\source\repos\Baram_Project_2022_second_half_GA\Baram_Project_2022_second_half_GA\DrawScreen.cpp(107,22): warning C4838: 'int'에서 'SHORT'(으)로의 변환에는 축소 변환이 필요합니다.
C:\Users\AOJUCBJD\source\repos\Baram_Project_2022_second_half_GA\Baram_Project_2022_second_half_GA\DrawScreen.cpp(111,16): warning C4838: 'int'에서 'SHORT'(으)로의 변환에는 축소 변환이 필요합니다.
C:\Users\AOJUCBJD\source\repos\Baram_Project_2022_second_half_GA\Baram_Project_2022_second_half_GA\DrawScreen.cpp(111,19): warning C4838: 'int'에서 'SHORT'(으)로의 변환에는 축소 변환이 필요합니다.
C:\Users\AOJUCBJD\source\repos\Baram_Project_2022_second_half_GA\Baram_Project_2022_second_half_GA\DrawScreen.cpp(127,37): warning C4267: '초기화 중': 'size_t'에서 'int'(으)로 변환하면서 데이터가 손실될 수 있습니다.
  FileManage.cpp
C:\Users\AOJUCBJD\source\repos\Baram_Project_2022_second_half_GA\Baram_Project_2022_second_half_GA\Common_Define.h(2,1): warning C4005: 'NDEBUG': 매크로 재정의
C:\Users\AOJUCBJD\source\repos\Baram_Project_2022_second_half_GA\Baram_Project_2022_second_half_GA\Common_Define.h(2,1): message : 이전에 명령줄에서 선언된 'NDEBUG'
C:\Users\AOJUCBJD\source\eigen\Eigen\src\Core\arch\Default\Half.h(1,1): warning C4819: 현재 코드 페이지(949)에서 표시할 수 없는 문자가 파일에 들어 있습니다. 데이터가 손실되지 않게 하려면 해당 파일을 유니코드 형식으로 저장하십시오.
C:\Users\AOJUCBJD\source\eigen\Eigen\src\Core\arch\Default\BFloat16.h(1,1): warning C4819: 현재 코드 페이지(949)에서 표시할 수 없는 문자가 파일에 들어 있습니다. 데이터가 손실되지 않게 하려면 해당 파일을 유니코드 형식으로 저장하십시오.
C:\Users\AOJUCBJD\source\eigen\Eigen\src\Core\arch\Default\GenericPacketMathFunctions.h(676,1): warning C4819: 현재 코드 페이지(949)에서 표시할 수 없는 문자가 파일에 들어 있습니다. 데이터가 손실되지 않게 하려면 해당 파일을 유니코드 형식으로 저장하십시오.
C:\Users\AOJUCBJD\source\eigen\Eigen\src\Core\products\GeneralBlockPanelKernel.h(2063,1): warning C4819: 현재 코드 페이지(949)에서 표시할 수 없는 문자가 파일에 들어 있습니다. 데이터가 손실되지 않게 하려면 해당 파일을 유니코드 형식으로 저장하십시오.
C:\Users\AOJUCBJD\source\repos\Baram_Project_2022_second_half_GA\Baram_Project_2022_second_half_GA\FileManage.cpp(49,31): warning C4267: '=': 'size_t'에서 'int'(으)로 변환하면서 데이터가 손실될 수 있습니다.
  GeneticAlgorithm.cpp
C:\Users\AOJUCBJD\source\repos\Baram_Project_2022_second_half_GA\Baram_Project_2022_second_half_GA\Common_Define.h(2,1): warning C4005: 'NDEBUG': 매크로 재정의
C:\Users\AOJUCBJD\source\repos\Baram_Project_2022_second_half_GA\Baram_Project_2022_second_half_GA\Common_Define.h(2,1): message : 이전에 명령줄에서 선언된 'NDEBUG'
C:\Users\AOJUCBJD\source\eigen\Eigen\src\Core\arch\Default\Half.h(1,1): warning C4819: 현재 코드 페이지(949)에서 표시할 수 없는 문자가 파일에 들어 있습니다. 데이터가 손실되지 않게 하려면 해당 파일을 유니코드 형식으로 저장하십시오.
C:\Users\AOJUCBJD\source\eigen\Eigen\src\Core\arch\Default\BFloat16.h(1,1): warning C4819: 현재 코드 페이지(949)에서 표시할 수 없는 문자가 파일에 들어 있습니다. 데이터가 손실되지 않게 하려면 해당 파일을 유니코드 형식으로 저장하십시오.
C:\Users\AOJUCBJD\source\eigen\Eigen\src\Core\arch\Default\GenericPacketMathFunctions.h(676,1): warning C4819: 현재 코드 페이지(949)에서 표시할 수 없는 문자가 파일에 들어 있습니다. 데이터가 손실되지 않게 하려면 해당 파일을 유니코드 형식으로 저장하십시오.
C:\Users\AOJUCBJD\source\eigen\Eigen\src\Core\products\GeneralBlockPanelKernel.h(2063,1): warning C4819: 현재 코드 페이지(949)에서 표시할 수 없는 문자가 파일에 들어 있습니다. 데이터가 손실되지 않게 하려면 해당 파일을 유니코드 형식으로 저장하십시오.
C:\Users\AOJUCBJD\source\repos\Baram_Project_2022_second_half_GA\Baram_Project_2022_second_half_GA\GeneticAlgorithm.cpp(195,77): warning C4267: '인수': 'size_t'에서 'const int'(으)로 변환하면서 데이터가 손실될 수 있습니다.
  Menu.cpp
C:\Users\AOJUCBJD\source\repos\Baram_Project_2022_second_half_GA\Baram_Project_2022_second_half_GA\Common_Define.h(2,1): warning C4005: 'NDEBUG': 매크로 재정의
C:\Users\AOJUCBJD\source\repos\Baram_Project_2022_second_half_GA\Baram_Project_2022_second_half_GA\Common_Define.h(2,1): message : 이전에 명령줄에서 선언된 'NDEBUG'
C:\Users\AOJUCBJD\source\eigen\Eigen\src\Core\arch\Default\Half.h(1,1): warning C4819: 현재 코드 페이지(949)에서 표시할 수 없는 문자가 파일에 들어 있습니다. 데이터가 손실되지 않게 하려면 해당 파일을 유니코드 형식으로 저장하십시오.
C:\Users\AOJUCBJD\source\eigen\Eigen\src\Core\arch\Default\BFloat16.h(1,1): warning C4819: 현재 코드 페이지(949)에서 표시할 수 없는 문자가 파일에 들어 있습니다. 데이터가 손실되지 않게 하려면 해당 파일을 유니코드 형식으로 저장하십시오.
C:\Users\AOJUCBJD\source\eigen\Eigen\src\Core\arch\Default\GenericPacketMathFunctions.h(676,1): warning C4819: 현재 코드 페이지(949)에서 표시할 수 없는 문자가 파일에 들어 있습니다. 데이터가 손실되지 않게 하려면 해당 파일을 유니코드 형식으로 저장하십시오.
C:\Users\AOJUCBJD\source\eigen\Eigen\src\Core\products\GeneralBlockPanelKernel.h(2063,1): warning C4819: 현재 코드 페이지(949)에서 표시할 수 없는 문자가 파일에 들어 있습니다. 데이터가 손실되지 않게 하려면 해당 파일을 유니코드 형식으로 저장하십시오.
  NeuralNetwork.cpp
C:\Users\AOJUCBJD\source\repos\Baram_Project_2022_second_half_GA\Baram_Project_2022_second_half_GA\Common_Define.h(2,1): warning C4005: 'NDEBUG': 매크로 재정의
C:\Users\AOJUCBJD\source\repos\Baram_Project_2022_second_half_GA\Baram_Project_2022_second_half_GA\Common_Define.h(2,1): message : 이전에 명령줄에서 선언된 'NDEBUG'
C:\Users\AOJUCBJD\source\eigen\Eigen\src\Core\arch\Default\Half.h(1,1): warning C4819: 현재 코드 페이지(949)에서 표시할 수 없는 문자가 파일에 들어 있습니다. 데이터가 손실되지 않게 하려면 해당 파일을 유니코드 형식으로 저장하십시오.
C:\Users\AOJUCBJD\source\eigen\Eigen\src\Core\arch\Default\BFloat16.h(1,1): warning C4819: 현재 코드 페이지(949)에서 표시할 수 없는 문자가 파일에 들어 있습니다. 데이터가 손실되지 않게 하려면 해당 파일을 유니코드 형식으로 저장하십시오.
C:\Users\AOJUCBJD\source\eigen\Eigen\src\Core\arch\Default\GenericPacketMathFunctions.h(676,1): warning C4819: 현재 코드 페이지(949)에서 표시할 수 없는 문자가 파일에 들어 있습니다. 데이터가 손실되지 않게 하려면 해당 파일을 유니코드 형식으로 저장하십시오.
C:\Users\AOJUCBJD\source\eigen\Eigen\src\Core\products\GeneralBlockPanelKernel.h(2063,1): warning C4819: 현재 코드 페이지(949)에서 표시할 수 없는 문자가 파일에 들어 있습니다. 데이터가 손실되지 않게 하려면 해당 파일을 유니코드 형식으로 저장하십시오.
C:\Users\AOJUCBJD\source\repos\Baram_Project_2022_second_half_GA\Baram_Project_2022_second_half_GA\NeuralNetwork.cpp(103,18): warning C4244: '초기화 중': 'Eigen::Index'에서 'int'(으)로 변환하면서 데이터가 손실될 수 있습니다.
C:\Users\AOJUCBJD\source\repos\Baram_Project_2022_second_half_GA\Baram_Project_2022_second_half_GA\NeuralNetwork.cpp(104,18): warning C4244: '초기화 중': 'Eigen::Index'에서 'int'(으)로 변환하면서 데이터가 손실될 수 있습니다.
C:\Users\AOJUCBJD\source\repos\Baram_Project_2022_second_half_GA\Baram_Project_2022_second_half_GA\NeuralNetwork.cpp(122,24): warning C4018: '<': signed 또는 unsigned가 일치하지 않습니다.
C:\Users\AOJUCBJD\source\repos\Baram_Project_2022_second_half_GA\Baram_Project_2022_second_half_GA\NeuralNetwork.cpp(124,25): warning C4018: '<': signed 또는 unsigned가 일치하지 않습니다.
C:\Users\AOJUCBJD\source\repos\Baram_Project_2022_second_half_GA\Baram_Project_2022_second_half_GA\NeuralNetwork.cpp(185,8): warning C4244: '초기화 중': 'Eigen::Index'에서 'int'(으)로 변환하면서 데이터가 손실될 수 있습니다.
C:\Users\AOJUCBJD\source\repos\Baram_Project_2022_second_half_GA\Baram_Project_2022_second_half_GA\NeuralNetwork.cpp(186,8): warning C4244: '초기화 중': 'Eigen::Index'에서 'int'(으)로 변환하면서 데이터가 손실될 수 있습니다.
  PingPong.cpp
C:\Users\AOJUCBJD\source\repos\Baram_Project_2022_second_half_GA\Baram_Project_2022_second_half_GA\Common_Define.h(2,1): warning C4005: 'NDEBUG': 매크로 재정의
C:\Users\AOJUCBJD\source\repos\Baram_Project_2022_second_half_GA\Baram_Project_2022_second_half_GA\Common_Define.h(2,1): message : 이전에 명령줄에서 선언된 'NDEBUG'
C:\Users\AOJUCBJD\source\eigen\Eigen\src\Core\arch\Default\Half.h(1,1): warning C4819: 현재 코드 페이지(949)에서 표시할 수 없는 문자가 파일에 들어 있습니다. 데이터가 손실되지 않게 하려면 해당 파일을 유니코드 형식으로 저장하십시오.
C:\Users\AOJUCBJD\source\eigen\Eigen\src\Core\arch\Default\BFloat16.h(1,1): warning C4819: 현재 코드 페이지(949)에서 표시할 수 없는 문자가 파일에 들어 있습니다. 데이터가 손실되지 않게 하려면 해당 파일을 유니코드 형식으로 저장하십시오.
C:\Users\AOJUCBJD\source\eigen\Eigen\src\Core\arch\Default\GenericPacketMathFunctions.h(676,1): warning C4819: 현재 코드 페이지(949)에서 표시할 수 없는 문자가 파일에 들어 있습니다. 데이터가 손실되지 않게 하려면 해당 파일을 유니코드 형식으로 저장하십시오.
C:\Users\AOJUCBJD\source\eigen\Eigen\src\Core\products\GeneralBlockPanelKernel.h(2063,1): warning C4819: 현재 코드 페이지(949)에서 표시할 수 없는 문자가 파일에 들어 있습니다. 데이터가 손실되지 않게 하려면 해당 파일을 유니코드 형식으로 저장하십시오.
C:\Users\AOJUCBJD\source\repos\Baram_Project_2022_second_half_GA\Baram_Project_2022_second_half_GA\PingPong.cpp(100,76): warning C4267: '인수': 'size_t'에서 'int'(으)로 변환하면서 데이터가 손실될 수 있습니다.
C:\Users\AOJUCBJD\source\repos\Baram_Project_2022_second_half_GA\Baram_Project_2022_second_half_GA\PingPong.cpp(115,120): warning C4267: '인수': 'size_t'에서 'int'(으)로 변환하면서 데이터가 손실될 수 있습니다.
C:\Users\AOJUCBJD\source\repos\Baram_Project_2022_second_half_GA\Baram_Project_2022_second_half_GA\PingPong.cpp(123,123): warning C4267: '인수': 'size_t'에서 'int'(으)로 변환하면서 데이터가 손실될 수 있습니다.
C:\Users\AOJUCBJD\source\repos\Baram_Project_2022_second_half_GA\Baram_Project_2022_second_half_GA\PingPong.cpp(125,128): warning C4267: '인수': 'size_t'에서 'int'(으)로 변환하면서 데이터가 손실될 수 있습니다.
C:\Users\AOJUCBJD\source\repos\Baram_Project_2022_second_half_GA\Baram_Project_2022_second_half_GA\PingPong.cpp(199,80): warning C4267: '인수': 'size_t'에서 'int'(으)로 변환하면서 데이터가 손실될 수 있습니다.
C:\Users\AOJUCBJD\source\repos\Baram_Project_2022_second_half_GA\Baram_Project_2022_second_half_GA\PingPong.cpp(334,49): warning C4267: '인수': 'size_t'에서 'int'(으)로 변환하면서 데이터가 손실될 수 있습니다.
  main.cpp
C:\Users\AOJUCBJD\source\repos\Baram_Project_2022_second_half_GA\Baram_Project_2022_second_half_GA\Common_Define.h(2,1): warning C4005: 'NDEBUG': 매크로 재정의
C:\Users\AOJUCBJD\source\repos\Baram_Project_2022_second_half_GA\Baram_Project_2022_second_half_GA\Common_Define.h(2,1): message : 이전에 명령줄에서 선언된 'NDEBUG'
C:\Users\AOJUCBJD\source\eigen\Eigen\src\Core\arch\Default\Half.h(1,1): warning C4819: 현재 코드 페이지(949)에서 표시할 수 없는 문자가 파일에 들어 있습니다. 데이터가 손실되지 않게 하려면 해당 파일을 유니코드 형식으로 저장하십시오.
C:\Users\AOJUCBJD\source\eigen\Eigen\src\Core\arch\Default\BFloat16.h(1,1): warning C4819: 현재 코드 페이지(949)에서 표시할 수 없는 문자가 파일에 들어 있습니다. 데이터가 손실되지 않게 하려면 해당 파일을 유니코드 형식으로 저장하십시오.
C:\Users\AOJUCBJD\source\eigen\Eigen\src\Core\arch\Default\GenericPacketMathFunctions.h(676,1): warning C4819: 현재 코드 페이지(949)에서 표시할 수 없는 문자가 파일에 들어 있습니다. 데이터가 손실되지 않게 하려면 해당 파일을 유니코드 형식으로 저장하십시오.
C:\Users\AOJUCBJD\source\eigen\Eigen\src\Core\products\GeneralBlockPanelKernel.h(2063,1): warning C4819: 현재 코드 페이지(949)에서 표시할 수 없는 문자가 파일에 들어 있습니다. 데이터가 손실되지 않게 하려면 해당 파일을 유니코드 형식으로 저장하십시오.
C:\Users\AOJUCBJD\source\repos\Baram_Project_2022_second_half_GA\Baram_Project_2022_second_half_GA\main.cpp(25,12): warning C4244: '인수': 'time_t'에서 'unsigned int'(으)로 변환하면서 데이터가 손실될 수 있습니다.
  코드를 생성하고 있습니다.
  Previous IPDB not found, fall back to full compilation.
  All 1828 functions were compiled because no usable IPDB/IOBJ from previous compilation was found.
  코드를 생성했습니다.
  Baram_Project_2022_second_half_GA.vcxproj -> C:\Users\AOJUCBJD\source\repos\Baram_Project_2022_second_half_GA\x64\Release\Baram_Project_2022_second_half_GA.exe
